<?xml version="1.0" encoding="UTF-8"?>
<testng-results ignored="0" total="5" passed="5" failed="0" skipped="0">
  <reporter-output>
  </reporter-output>
  <suite started-at="2022-11-29T20:12:17 IST" name="Default suite" finished-at="2022-11-29T20:12:17 IST" duration-ms="96">
    <groups>
    </groups>
    <test started-at="2022-11-29T20:12:17 IST" name="Default test" finished-at="2022-11-29T20:12:17 IST" duration-ms="96">
      <class name="org.test.TngTask2a">
        <test-method signature="tc13()[pri:-12, instance:org.test.TngTask2a@1d119efb]" started-at="2022-11-29T20:12:17 IST" name="tc13" finished-at="2022-11-29T20:12:17 IST" duration-ms="13" status="PASS">
          <reporter-output>
          </reporter-output>
        </test-method> <!-- tc13 -->
        <test-method signature="tc11()[pri:0, instance:org.test.TngTask2a@1d119efb]" started-at="2022-11-29T20:12:17 IST" name="tc11" finished-at="2022-11-29T20:12:17 IST" duration-ms="1" status="PASS">
          <reporter-output>
          </reporter-output>
        </test-method> <!-- tc11 -->
        <test-method signature="tc14()[pri:0, instance:org.test.TngTask2a@1d119efb]" started-at="2022-11-29T20:12:17 IST" name="tc14" finished-at="2022-11-29T20:12:17 IST" duration-ms="2" status="PASS">
          <reporter-output>
          </reporter-output>
        </test-method> <!-- tc14 -->
        <test-method signature="tc14()[pri:0, instance:org.test.TngTask2a@1d119efb]" started-at="2022-11-29T20:12:17 IST" name="tc14" finished-at="2022-11-29T20:12:17 IST" duration-ms="4" status="PASS">
          <reporter-output>
          </reporter-output>
        </test-method> <!-- tc14 -->
        <test-method signature="tc12()[pri:5, instance:org.test.TngTask2a@1d119efb]" started-at="2022-11-29T20:12:17 IST" name="tc12" finished-at="2022-11-29T20:12:17 IST" duration-ms="2" status="PASS">
          <reporter-output>
          </reporter-output>
        </test-method> <!-- tc12 -->
      </class> <!-- org.test.TngTask2a -->
    </test> <!-- Default test -->
  </suite> <!-- Default suite -->
</testng-results>
