<?xml version="1.0" encoding="UTF-8"?>
<!-- Generated by org.testng.reporters.JUnitXMLReporter -->
<testsuite hostname="DESKTOP-KBG4N8A" ignored="2" name="Default test(failed)" tests="1" failures="1" timestamp="2022-08-01T15:19:36 IST" time="15.7" errors="0">
  <testcase name="tc3" time="15.649" classname="org.test.TngTask7">
    <failure type="java.lang.AssertionError" message="expected [true] but found [false]">
      <![CDATA[java.lang.AssertionError: expected [true] but found [false]
at org.test.TngTask7.tc3(TngTask7.java:49)
at java.util.ArrayList.forEach(Unknown Source)
... Removed 31 stack frames]]>
    </failure>
  </testcase> <!-- tc3 -->
  <testcase name="tc2" time="0.0" classname="org.test.TngTask7">
    <ignored/>
  </testcase> <!-- tc2 -->
  <testcase name="tc1" time="0.0" classname="org.test.TngTask7">
    <ignored/>
  </testcase> <!-- tc1 -->
</testsuite> <!-- Default test(failed) -->
