<?xml version="1.0" encoding="UTF-8"?>
<!-- Generated by org.testng.reporters.JUnitXMLReporter -->
<testsuite ignored="0" hostname="DESKTOP-KBG4N8A" failures="0" tests="5" name="Default test" time="0.096" errors="0" timestamp="2022-11-29T20:12:17 IST">
  <testcase classname="org.test.TngTask2a" name="tc13" time="0.013"/>
  <testcase classname="org.test.TngTask2a" name="tc11" time="0.001"/>
  <testcase classname="org.test.TngTask2a" name="tc14" time="0.002"/>
  <testcase classname="org.test.TngTask2a" name="tc14" time="0.004"/>
  <testcase classname="org.test.TngTask2a" name="tc12" time="0.002"/>
</testsuite> <!-- Default test -->
