<?xml version="1.0" encoding="UTF-8"?>
<!-- Generated by org.testng.reporters.JUnitXMLReporter -->
<testsuite hostname="DESKTOP-KBG4N8A" ignored="0" name="Test" tests="6" failures="1" timestamp="2022-08-02T13:22:02 IST" time="135.005" errors="0">
  <testcase name="tc1" time="12.877" classname="org.test.TngTask8b"/>
  <testcase name="tc2" time="22.954" classname="org.test.TngTask8b"/>
  <testcase name="tc3" time="19.575" classname="org.test.TngTask8b">
    <skipped/>
  </testcase> <!-- tc3 -->
  <testcase name="tc3" time="29.227" classname="org.test.TngTask8b">
    <skipped/>
  </testcase> <!-- tc3 -->
  <testcase name="tc3" time="23.82" classname="org.test.TngTask8b">
    <skipped/>
  </testcase> <!-- tc3 -->
  <testcase name="tc3" time="26.49" classname="org.test.TngTask8b">
    <failure type="java.lang.AssertionError" message="expected [true] but found [false]">
      <![CDATA[java.lang.AssertionError: expected [true] but found [false]
at org.test.TngTask8b.tc3(TngTask8b.java:49)
at java.util.ArrayList.forEach(Unknown Source)
... Removed 31 stack frames]]>
    </failure>
  </testcase> <!-- tc3 -->
</testsuite> <!-- Test -->
